{"level":"info","msg":"language: C","time":"2023-08-16T23:50:54+02:00"}
{"command":"git --version","level":"debug","msg":"RunCommand","time":"2023-08-16T23:50:54+02:00"}
{"command":"git rev-parse --git-dir","level":"debug","msg":"RunCommand","time":"2023-08-16T23:50:54+02:00"}
{"command":"git rev-parse --git-dir","level":"error","msg":"fatal: not a git repository (or any of the parent directories): .git\n","time":"2023-08-16T23:50:54+02:00"}
{"level":"info","msg":"starting main loop","time":"2023-08-16T23:50:54+02:00"}
{"level":"info","msg":"Binary is not built with the buildBinary flag so we won't check for an update","time":"2023-08-16T23:50:54+02:00"}
{"command":"git rev-parse --is-bare-repository","level":"debug","msg":"RunCommand","time":"2023-08-16T23:50:54+02:00"}
{"command":"git fetch --all","level":"debug","msg":"RunCommand","time":"2023-08-16T23:50:54+02:00"}
{"level":"info","msg":"refreshing all scopes in async mode","time":"2023-08-16T23:50:54+02:00"}
{"command":"git tag --list -n --sort=-creatordate","level":"debug","msg":"RunCommand","time":"2023-08-16T23:50:54+02:00"}
{"command":"git branch -r","level":"debug","msg":"RunCommand","time":"2023-08-16T23:50:54+02:00"}
{"command":"git merge-base HEAD HEAD@{u}","level":"debug","msg":"RunCommand","time":"2023-08-16T23:50:54+02:00"}
{"command":"git stash list -z --pretty=%gs","level":"debug","msg":"RunCommand","time":"2023-08-16T23:50:54+02:00"}
{"command":"git for-each-ref --sort=-committerdate --format=%(HEAD)%00%(refname:short)%00%(upstream:short)%00%(upstream:track)%00%(subject)%00%(objectname:short=8) refs/heads","level":"debug","msg":"RunCommand","time":"2023-08-16T23:50:54+02:00"}
{"level":"debug","msg":"Error getting git config value for key: status.showUntrackedFiles. Error: the key is not found for [git config --get --null status.showUntrackedFiles]","time":"2023-08-16T23:50:54+02:00"}
{"command":"git status --untracked-files=all --porcelain -z","level":"debug","msg":"RunCommand","time":"2023-08-16T23:50:54+02:00"}
{"command":"git for-each-ref --sort=-committerdate --format=%(HEAD)%00%(refname:short)%00%(upstream:short)%00%(upstream:track)%00%(subject)%00%(objectname:short=8) refs/heads","level":"debug","msg":"RunCommand","time":"2023-08-16T23:50:54+02:00"}
{"level":"info","msg":"refreshing the following scopes in async mode: branches,commits,remotes,tags","time":"2023-08-16T23:50:54+02:00"}
{"command":"git branch -r","level":"debug","msg":"RunCommand","time":"2023-08-16T23:50:54+02:00"}
{"command":"git tag --list -n --sort=-creatordate","level":"debug","msg":"RunCommand","time":"2023-08-16T23:50:54+02:00"}
{"command":"git for-each-ref --sort=-committerdate --format=%(HEAD)%00%(refname:short)%00%(upstream:short)%00%(upstream:track)%00%(subject)%00%(objectname:short=8) refs/heads","level":"debug","msg":"RunCommand","time":"2023-08-16T23:50:54+02:00"}
{"command":"git rev-parse --symbolic-full-name master@{u}","level":"debug","msg":"RunCommand","time":"2023-08-16T23:50:55+02:00"}
{"command":"git rev-parse --symbolic-full-name main@{u}","level":"debug","msg":"RunCommand","time":"2023-08-16T23:50:55+02:00"}
{"command":"git rev-parse --symbolic-full-name main@{u}","level":"error","msg":"fatal: no such branch: 'main'\n","time":"2023-08-16T23:50:55+02:00"}
{"command":"git rev-parse --verify --quiet refs/remotes/origin/main","level":"debug","msg":"RunCommand","time":"2023-08-16T23:50:55+02:00"}
{"command":"git rev-parse --verify --quiet refs/remotes/origin/main","level":"error","msg":"","time":"2023-08-16T23:50:55+02:00"}
{"command":"git rev-parse --verify --quiet refs/heads/main","level":"debug","msg":"RunCommand","time":"2023-08-16T23:50:55+02:00"}
{"command":"git rev-parse --verify --quiet refs/heads/main","level":"error","msg":"","time":"2023-08-16T23:50:55+02:00"}
{"command":"git merge-base HEAD refs/remotes/origin/master","level":"debug","msg":"RunCommand","time":"2023-08-16T23:50:55+02:00"}
{"command":"git merge-base HEAD HEAD@{u}","level":"debug","msg":"RunCommand","time":"2023-08-16T23:50:55+02:00"}
{"command":"git merge-base HEAD refs/remotes/origin/master","level":"debug","msg":"RunCommand","time":"2023-08-16T23:50:56+02:00"}
{"level":"info","msg":"refreshing the following scopes in sync mode: files","time":"2023-08-16T23:51:04+02:00"}
{"level":"debug","msg":"using cache for key status.showUntrackedFiles","time":"2023-08-16T23:51:04+02:00"}
{"command":"git status --untracked-files=all --porcelain -z","level":"debug","msg":"RunCommand","time":"2023-08-16T23:51:04+02:00"}
{"level":"error","msg":"Unexpected error when running cmd task: signal: broken pipe","time":"2023-08-16T23:51:05+02:00"}
{"level":"error","msg":"Unexpected error when running cmd task: signal: broken pipe","time":"2023-08-16T23:51:07+02:00"}
{"level":"info","msg":"language: C","time":"2023-08-16T23:53:43+02:00"}
{"command":"git --version","level":"debug","msg":"RunCommand","time":"2023-08-16T23:53:43+02:00"}
{"command":"git rev-parse --git-dir","level":"debug","msg":"RunCommand","time":"2023-08-16T23:53:43+02:00"}
{"command":"git rev-parse --git-dir","level":"error","msg":"fatal: not a git repository (or any of the parent directories): .git\n","time":"2023-08-16T23:53:43+02:00"}
{"level":"info","msg":"starting main loop","time":"2023-08-16T23:53:43+02:00"}
{"level":"info","msg":"Binary is not built with the buildBinary flag so we won't check for an update","time":"2023-08-16T23:53:43+02:00"}
{"command":"git rev-parse --is-bare-repository","level":"debug","msg":"RunCommand","time":"2023-08-16T23:53:43+02:00"}
{"command":"git fetch --all","level":"debug","msg":"RunCommand","time":"2023-08-16T23:53:43+02:00"}
{"level":"info","msg":"refreshing all scopes in async mode","time":"2023-08-16T23:53:43+02:00"}
{"command":"git stash list -z --pretty=%gs","level":"debug","msg":"RunCommand","time":"2023-08-16T23:53:43+02:00"}
{"command":"git merge-base HEAD HEAD@{u}","level":"debug","msg":"RunCommand","time":"2023-08-16T23:53:43+02:00"}
{"command":"git branch -r","level":"debug","msg":"RunCommand","time":"2023-08-16T23:53:43+02:00"}
{"command":"git for-each-ref --sort=-committerdate --format=%(HEAD)%00%(refname:short)%00%(upstream:short)%00%(upstream:track)%00%(subject)%00%(objectname:short=8) refs/heads","level":"debug","msg":"RunCommand","time":"2023-08-16T23:53:43+02:00"}
{"command":"git tag --list -n --sort=-creatordate","level":"debug","msg":"RunCommand","time":"2023-08-16T23:53:43+02:00"}
{"level":"debug","msg":"Error getting git config value for key: status.showUntrackedFiles. Error: the key is not found for [git config --get --null status.showUntrackedFiles]","time":"2023-08-16T23:53:43+02:00"}
{"command":"git status --untracked-files=all --porcelain -z","level":"debug","msg":"RunCommand","time":"2023-08-16T23:53:43+02:00"}
{"command":"git for-each-ref --sort=-committerdate --format=%(HEAD)%00%(refname:short)%00%(upstream:short)%00%(upstream:track)%00%(subject)%00%(objectname:short=8) refs/heads","level":"debug","msg":"RunCommand","time":"2023-08-16T23:53:43+02:00"}
{"level":"info","msg":"refreshing the following scopes in async mode: branches,commits,remotes,tags","time":"2023-08-16T23:53:43+02:00"}
{"command":"git branch -r","level":"debug","msg":"RunCommand","time":"2023-08-16T23:53:43+02:00"}
{"command":"git tag --list -n --sort=-creatordate","level":"debug","msg":"RunCommand","time":"2023-08-16T23:53:43+02:00"}
{"command":"git for-each-ref --sort=-committerdate --format=%(HEAD)%00%(refname:short)%00%(upstream:short)%00%(upstream:track)%00%(subject)%00%(objectname:short=8) refs/heads","level":"debug","msg":"RunCommand","time":"2023-08-16T23:53:43+02:00"}
{"command":"git rev-parse --git-dir","level":"debug","msg":"RunCommand","time":"2023-08-16T23:53:44+02:00"}
{"command":"git rev-parse --is-bare-repository","level":"debug","msg":"RunCommand","time":"2023-08-16T23:53:44+02:00"}
{"level":"info","msg":"refreshing all scopes in async mode","time":"2023-08-16T23:53:44+02:00"}
{"command":"git tag --list -n --sort=-creatordate","level":"debug","msg":"RunCommand","time":"2023-08-16T23:53:44+02:00"}
{"command":"git branch -r","level":"debug","msg":"RunCommand","time":"2023-08-16T23:53:44+02:00"}
{"command":"git stash list -z --pretty=%gs","level":"debug","msg":"RunCommand","time":"2023-08-16T23:53:44+02:00"}
{"command":"git for-each-ref --sort=-committerdate --format=%(HEAD)%00%(refname:short)%00%(upstream:short)%00%(upstream:track)%00%(subject)%00%(objectname:short=8) refs/heads","level":"debug","msg":"RunCommand","time":"2023-08-16T23:53:44+02:00"}
{"level":"debug","msg":"Error getting git config value for key: status.showUntrackedFiles. Error: the key is not found for [git config --get --null status.showUntrackedFiles]","time":"2023-08-16T23:53:44+02:00"}
{"command":"git status --untracked-files=all --porcelain -z","level":"debug","msg":"RunCommand","time":"2023-08-16T23:53:44+02:00"}
{"command":"git for-each-ref --sort=-committerdate --format=%(HEAD)%00%(refname:short)%00%(upstream:short)%00%(upstream:track)%00%(subject)%00%(objectname:short=8) refs/heads","level":"debug","msg":"RunCommand","time":"2023-08-16T23:53:44+02:00"}
{"command":"git rev-parse --symbolic-full-name master@{u}","level":"debug","msg":"RunCommand","time":"2023-08-16T23:53:45+02:00"}
{"command":"git rev-parse --symbolic-full-name main@{u}","level":"debug","msg":"RunCommand","time":"2023-08-16T23:53:45+02:00"}
{"command":"git rev-parse --symbolic-full-name main@{u}","level":"error","msg":"fatal: no such branch: 'main'\n","time":"2023-08-16T23:53:45+02:00"}
{"command":"git rev-parse --verify --quiet refs/remotes/origin/main","level":"debug","msg":"RunCommand","time":"2023-08-16T23:53:45+02:00"}
{"command":"git rev-parse --verify --quiet refs/remotes/origin/main","level":"error","msg":"","time":"2023-08-16T23:53:45+02:00"}
{"command":"git rev-parse --verify --quiet refs/heads/main","level":"debug","msg":"RunCommand","time":"2023-08-16T23:53:45+02:00"}
{"command":"git rev-parse --verify --quiet refs/heads/main","level":"error","msg":"","time":"2023-08-16T23:53:45+02:00"}
{"command":"git merge-base HEAD refs/remotes/origin/master","level":"debug","msg":"RunCommand","time":"2023-08-16T23:53:45+02:00"}
{"command":"git merge-base HEAD HEAD@{u}","level":"debug","msg":"RunCommand","time":"2023-08-16T23:53:45+02:00"}
{"command":"git merge-base HEAD HEAD@{u}","level":"error","msg":"fatal: no upstream configured for branch 'update_from_update'\n","time":"2023-08-16T23:53:45+02:00"}
{"level":"error","msg":"Unexpected error when running cmd task: exit status 128","time":"2023-08-16T23:53:49+02:00"}
{"level":"info","msg":"refreshing the following scopes in sync mode: files","time":"2023-08-16T23:53:53+02:00"}
{"level":"debug","msg":"using cache for key status.showUntrackedFiles","time":"2023-08-16T23:53:53+02:00"}
{"command":"git status --untracked-files=all --porcelain -z","level":"debug","msg":"RunCommand","time":"2023-08-16T23:53:53+02:00"}
{"level":"info","msg":"language: C","time":"2023-08-17T00:30:37+02:00"}
{"command":"git --version","level":"debug","msg":"RunCommand","time":"2023-08-17T00:30:37+02:00"}
{"command":"git rev-parse --git-dir","level":"debug","msg":"RunCommand","time":"2023-08-17T00:30:37+02:00"}
{"command":"git rev-parse --is-bare-repository","level":"debug","msg":"RunCommand","time":"2023-08-17T00:30:37+02:00"}
{"level":"info","msg":"starting main loop","time":"2023-08-17T00:30:37+02:00"}
{"level":"info","msg":"Binary is not built with the buildBinary flag so we won't check for an update","time":"2023-08-17T00:30:37+02:00"}
{"command":"git rev-parse --is-bare-repository","level":"debug","msg":"RunCommand","time":"2023-08-17T00:30:37+02:00"}
{"level":"info","msg":"refreshing all scopes in async mode","time":"2023-08-17T00:30:37+02:00"}
{"command":"git stash list -z --pretty=%gs","level":"debug","msg":"RunCommand","time":"2023-08-17T00:30:37+02:00"}
{"command":"git branch -r","level":"debug","msg":"RunCommand","time":"2023-08-17T00:30:37+02:00"}
{"command":"git tag --list -n --sort=-creatordate","level":"debug","msg":"RunCommand","time":"2023-08-17T00:30:37+02:00"}
{"command":"git fetch --all","level":"debug","msg":"RunCommand","time":"2023-08-17T00:30:37+02:00"}
{"command":"git merge-base HEAD HEAD@{u}","level":"debug","msg":"RunCommand","time":"2023-08-17T00:30:37+02:00"}
{"command":"git for-each-ref --sort=-committerdate --format=%(HEAD)%00%(refname:short)%00%(upstream:short)%00%(upstream:track)%00%(subject)%00%(objectname:short=8) refs/heads","level":"debug","msg":"RunCommand","time":"2023-08-17T00:30:37+02:00"}
{"level":"debug","msg":"Error getting git config value for key: status.showUntrackedFiles. Error: the key is not found for [git config --get --null status.showUntrackedFiles]","time":"2023-08-17T00:30:37+02:00"}
{"command":"git status --untracked-files=all --porcelain -z","level":"debug","msg":"RunCommand","time":"2023-08-17T00:30:37+02:00"}
{"command":"git merge-base HEAD HEAD@{u}","level":"error","msg":"fatal: Not a valid object name HEAD\n","time":"2023-08-17T00:30:37+02:00"}
{"command":"git symbolic-ref --short HEAD","level":"debug","msg":"RunCommand","time":"2023-08-17T00:30:37+02:00"}
{"level":"info","msg":"refreshing the following scopes in async mode: branches,commits,remotes,tags","time":"2023-08-17T00:30:37+02:00"}
{"command":"git tag --list -n --sort=-creatordate","level":"debug","msg":"RunCommand","time":"2023-08-17T00:30:37+02:00"}
{"command":"git branch -r","level":"debug","msg":"RunCommand","time":"2023-08-17T00:30:37+02:00"}
{"command":"git for-each-ref --sort=-committerdate --format=%(HEAD)%00%(refname:short)%00%(upstream:short)%00%(upstream:track)%00%(subject)%00%(objectname:short=8) refs/heads","level":"debug","msg":"RunCommand","time":"2023-08-17T00:30:37+02:00"}
{"command":"git merge-base HEAD HEAD@{u}","level":"debug","msg":"RunCommand","time":"2023-08-17T00:30:37+02:00"}
{"command":"git symbolic-ref --short HEAD","level":"debug","msg":"RunCommand","time":"2023-08-17T00:30:37+02:00"}
{"command":"git merge-base HEAD HEAD@{u}","level":"error","msg":"fatal: Not a valid object name HEAD\n","time":"2023-08-17T00:30:37+02:00"}
{"command":"git for-each-ref --sort=-committerdate --format=%(HEAD)%00%(refname:short)%00%(upstream:short)%00%(upstream:track)%00%(subject)%00%(objectname:short=8) refs/heads","level":"debug","msg":"RunCommand","time":"2023-08-17T00:30:37+02:00"}
{"command":"git symbolic-ref --short HEAD","level":"debug","msg":"RunCommand","time":"2023-08-17T00:30:37+02:00"}
{"command":"git for-each-ref --sort=-committerdate --format=%(HEAD)%00%(refname:short)%00%(upstream:short)%00%(upstream:track)%00%(subject)%00%(objectname:short=8) refs/heads","level":"debug","msg":"RunCommand","time":"2023-08-17T00:30:37+02:00"}
{"command":"git symbolic-ref --short HEAD","level":"debug","msg":"RunCommand","time":"2023-08-17T00:30:37+02:00"}
{"level":"info","msg":"refreshing the following scopes in sync mode: files","time":"2023-08-17T00:30:47+02:00"}
{"level":"debug","msg":"using cache for key status.showUntrackedFiles","time":"2023-08-17T00:30:47+02:00"}
{"command":"git status --untracked-files=all --porcelain -z","level":"debug","msg":"RunCommand","time":"2023-08-17T00:30:47+02:00"}
{"level":"info","msg":"refreshing the following scopes in sync mode: files","time":"2023-08-17T00:30:57+02:00"}
{"level":"debug","msg":"using cache for key status.showUntrackedFiles","time":"2023-08-17T00:30:57+02:00"}
{"command":"git status --untracked-files=all --porcelain -z","level":"debug","msg":"RunCommand","time":"2023-08-17T00:30:57+02:00"}
{"level":"info","msg":"refreshing the following scopes in sync mode: files","time":"2023-08-17T00:31:07+02:00"}
{"level":"debug","msg":"using cache for key status.showUntrackedFiles","time":"2023-08-17T00:31:07+02:00"}
{"command":"git status --untracked-files=all --porcelain -z","level":"debug","msg":"RunCommand","time":"2023-08-17T00:31:07+02:00"}
{"level":"info","msg":"refreshing the following scopes in sync mode: files","time":"2023-08-17T00:31:17+02:00"}
{"level":"debug","msg":"using cache for key status.showUntrackedFiles","time":"2023-08-17T00:31:17+02:00"}
{"command":"git status --untracked-files=all --porcelain -z","level":"debug","msg":"RunCommand","time":"2023-08-17T00:31:17+02:00"}
{"level":"info","msg":"refreshing the following scopes in sync mode: files","time":"2023-08-17T00:31:27+02:00"}
{"level":"debug","msg":"using cache for key status.showUntrackedFiles","time":"2023-08-17T00:31:27+02:00"}
{"command":"git status --untracked-files=all --porcelain -z","level":"debug","msg":"RunCommand","time":"2023-08-17T00:31:27+02:00"}
{"level":"info","msg":"refreshing the following scopes in sync mode: files","time":"2023-08-17T00:31:37+02:00"}
{"level":"debug","msg":"using cache for key status.showUntrackedFiles","time":"2023-08-17T00:31:37+02:00"}
{"command":"git status --untracked-files=all --porcelain -z","level":"debug","msg":"RunCommand","time":"2023-08-17T00:31:37+02:00"}
{"command":"git fetch --all","level":"debug","msg":"RunCommand","time":"2023-08-17T00:31:37+02:00"}
{"level":"info","msg":"refreshing the following scopes in async mode: branches,commits,remotes,tags","time":"2023-08-17T00:31:37+02:00"}
{"command":"git merge-base HEAD HEAD@{u}","level":"debug","msg":"RunCommand","time":"2023-08-17T00:31:37+02:00"}
{"command":"git tag --list -n --sort=-creatordate","level":"debug","msg":"RunCommand","time":"2023-08-17T00:31:37+02:00"}
{"command":"git branch -r","level":"debug","msg":"RunCommand","time":"2023-08-17T00:31:37+02:00"}
{"command":"git merge-base HEAD HEAD@{u}","level":"error","msg":"fatal: Not a valid object name HEAD\n","time":"2023-08-17T00:31:37+02:00"}
{"command":"git for-each-ref --sort=-committerdate --format=%(HEAD)%00%(refname:short)%00%(upstream:short)%00%(upstream:track)%00%(subject)%00%(objectname:short=8) refs/heads","level":"debug","msg":"RunCommand","time":"2023-08-17T00:31:37+02:00"}
{"command":"git symbolic-ref --short HEAD","level":"debug","msg":"RunCommand","time":"2023-08-17T00:31:37+02:00"}
{"level":"info","msg":"refreshing the following scopes in sync mode: files","time":"2023-08-17T00:31:47+02:00"}
{"level":"debug","msg":"using cache for key status.showUntrackedFiles","time":"2023-08-17T00:31:47+02:00"}
{"command":"git status --untracked-files=all --porcelain -z","level":"debug","msg":"RunCommand","time":"2023-08-17T00:31:47+02:00"}
{"level":"info","msg":"refreshing the following scopes in sync mode: files","time":"2023-08-17T00:31:57+02:00"}
{"level":"debug","msg":"using cache for key status.showUntrackedFiles","time":"2023-08-17T00:31:57+02:00"}
{"command":"git status --untracked-files=all --porcelain -z","level":"debug","msg":"RunCommand","time":"2023-08-17T00:31:57+02:00"}
{"level":"info","msg":"refreshing the following scopes in sync mode: files","time":"2023-08-17T00:32:07+02:00"}
{"level":"debug","msg":"using cache for key status.showUntrackedFiles","time":"2023-08-17T00:32:07+02:00"}
{"command":"git status --untracked-files=all --porcelain -z","level":"debug","msg":"RunCommand","time":"2023-08-17T00:32:07+02:00"}
{"level":"info","msg":"refreshing the following scopes in sync mode: files","time":"2023-08-17T00:32:17+02:00"}
{"level":"debug","msg":"using cache for key status.showUntrackedFiles","time":"2023-08-17T00:32:17+02:00"}
{"command":"git status --untracked-files=all --porcelain -z","level":"debug","msg":"RunCommand","time":"2023-08-17T00:32:17+02:00"}
{"level":"info","msg":"refreshing the following scopes in sync mode: files","time":"2023-08-17T00:32:27+02:00"}
{"level":"debug","msg":"using cache for key status.showUntrackedFiles","time":"2023-08-17T00:32:27+02:00"}
{"command":"git status --untracked-files=all --porcelain -z","level":"debug","msg":"RunCommand","time":"2023-08-17T00:32:27+02:00"}
{"level":"info","msg":"refreshing the following scopes in sync mode: files","time":"2023-08-17T00:32:37+02:00"}
{"level":"debug","msg":"using cache for key status.showUntrackedFiles","time":"2023-08-17T00:32:37+02:00"}
{"command":"git status --untracked-files=all --porcelain -z","level":"debug","msg":"RunCommand","time":"2023-08-17T00:32:37+02:00"}
{"command":"git fetch --all","level":"debug","msg":"RunCommand","time":"2023-08-17T00:32:37+02:00"}
{"level":"info","msg":"refreshing the following scopes in async mode: branches,commits,remotes,tags","time":"2023-08-17T00:32:37+02:00"}
{"command":"git merge-base HEAD HEAD@{u}","level":"debug","msg":"RunCommand","time":"2023-08-17T00:32:37+02:00"}
{"command":"git branch -r","level":"debug","msg":"RunCommand","time":"2023-08-17T00:32:37+02:00"}
{"command":"git tag --list -n --sort=-creatordate","level":"debug","msg":"RunCommand","time":"2023-08-17T00:32:37+02:00"}
{"command":"git for-each-ref --sort=-committerdate --format=%(HEAD)%00%(refname:short)%00%(upstream:short)%00%(upstream:track)%00%(subject)%00%(objectname:short=8) refs/heads","level":"debug","msg":"RunCommand","time":"2023-08-17T00:32:37+02:00"}
{"command":"git merge-base HEAD HEAD@{u}","level":"error","msg":"fatal: Not a valid object name HEAD\n","time":"2023-08-17T00:32:37+02:00"}
{"command":"git symbolic-ref --short HEAD","level":"debug","msg":"RunCommand","time":"2023-08-17T00:32:37+02:00"}
{"level":"info","msg":"refreshing the following scopes in sync mode: files","time":"2023-08-17T00:32:47+02:00"}
{"level":"debug","msg":"using cache for key status.showUntrackedFiles","time":"2023-08-17T00:32:47+02:00"}
{"command":"git status --untracked-files=all --porcelain -z","level":"debug","msg":"RunCommand","time":"2023-08-17T00:32:47+02:00"}
{"level":"info","msg":"refreshing the following scopes in sync mode: files","time":"2023-08-17T00:32:57+02:00"}
{"level":"debug","msg":"using cache for key status.showUntrackedFiles","time":"2023-08-17T00:32:57+02:00"}
{"command":"git status --untracked-files=all --porcelain -z","level":"debug","msg":"RunCommand","time":"2023-08-17T00:32:57+02:00"}
{"level":"info","msg":"refreshing the following scopes in sync mode: files","time":"2023-08-17T00:33:07+02:00"}
{"level":"debug","msg":"using cache for key status.showUntrackedFiles","time":"2023-08-17T00:33:07+02:00"}
{"command":"git status --untracked-files=all --porcelain -z","level":"debug","msg":"RunCommand","time":"2023-08-17T00:33:07+02:00"}
{"level":"info","msg":"refreshing the following scopes in sync mode: files","time":"2023-08-17T00:33:17+02:00"}
{"level":"debug","msg":"using cache for key status.showUntrackedFiles","time":"2023-08-17T00:33:17+02:00"}
{"command":"git status --untracked-files=all --porcelain -z","level":"debug","msg":"RunCommand","time":"2023-08-17T00:33:17+02:00"}
{"level":"info","msg":"language: C","time":"2023-08-17T00:33:20+02:00"}
{"command":"git --version","level":"debug","msg":"RunCommand","time":"2023-08-17T00:33:20+02:00"}
{"command":"git rev-parse --git-dir","level":"debug","msg":"RunCommand","time":"2023-08-17T00:33:20+02:00"}
{"command":"git rev-parse --is-bare-repository","level":"debug","msg":"RunCommand","time":"2023-08-17T00:33:20+02:00"}
{"level":"info","msg":"starting main loop","time":"2023-08-17T00:33:20+02:00"}
{"level":"info","msg":"Binary is not built with the buildBinary flag so we won't check for an update","time":"2023-08-17T00:33:20+02:00"}
{"command":"git rev-parse --is-bare-repository","level":"debug","msg":"RunCommand","time":"2023-08-17T00:33:20+02:00"}
{"command":"git fetch --all","level":"debug","msg":"RunCommand","time":"2023-08-17T00:33:20+02:00"}
{"level":"info","msg":"refreshing all scopes in async mode","time":"2023-08-17T00:33:20+02:00"}
{"command":"git tag --list -n --sort=-creatordate","level":"debug","msg":"RunCommand","time":"2023-08-17T00:33:20+02:00"}
{"command":"git merge-base HEAD HEAD@{u}","level":"debug","msg":"RunCommand","time":"2023-08-17T00:33:20+02:00"}
{"command":"git branch -r","level":"debug","msg":"RunCommand","time":"2023-08-17T00:33:20+02:00"}
{"command":"git for-each-ref --sort=-committerdate --format=%(HEAD)%00%(refname:short)%00%(upstream:short)%00%(upstream:track)%00%(subject)%00%(objectname:short=8) refs/heads","level":"debug","msg":"RunCommand","time":"2023-08-17T00:33:20+02:00"}
{"command":"git stash list -z --pretty=%gs","level":"debug","msg":"RunCommand","time":"2023-08-17T00:33:20+02:00"}
{"level":"debug","msg":"Error getting git config value for key: status.showUntrackedFiles. Error: the key is not found for [git config --get --null status.showUntrackedFiles]","time":"2023-08-17T00:33:20+02:00"}
{"command":"git status --untracked-files=all --porcelain -z","level":"debug","msg":"RunCommand","time":"2023-08-17T00:33:20+02:00"}
{"level":"info","msg":"refreshing the following scopes in async mode: branches,commits,remotes,tags","time":"2023-08-17T00:33:23+02:00"}
{"command":"git tag --list -n --sort=-creatordate","level":"debug","msg":"RunCommand","time":"2023-08-17T00:33:23+02:00"}
{"command":"git branch -r","level":"debug","msg":"RunCommand","time":"2023-08-17T00:33:23+02:00"}
{"level":"info","msg":"refreshing the following scopes in sync mode: files","time":"2023-08-17T00:33:27+02:00"}
{"level":"debug","msg":"using cache for key status.showUntrackedFiles","time":"2023-08-17T00:33:27+02:00"}
{"command":"git status --untracked-files=all --porcelain -z","level":"debug","msg":"RunCommand","time":"2023-08-17T00:33:27+02:00"}
{"command":"git for-each-ref --sort=-committerdate --format=%(HEAD)%00%(refname:short)%00%(upstream:short)%00%(upstream:track)%00%(subject)%00%(objectname:short=8) refs/heads","level":"debug","msg":"RunCommand","time":"2023-08-17T00:33:29+02:00"}
{"level":"info","msg":"refreshing the following scopes in sync mode: files","time":"2023-08-17T00:33:30+02:00"}
{"level":"debug","msg":"using cache for key status.showUntrackedFiles","time":"2023-08-17T00:33:30+02:00"}
{"command":"git status --untracked-files=all --porcelain -z","level":"debug","msg":"RunCommand","time":"2023-08-17T00:33:30+02:00"}
{"level":"info","msg":"refreshing the following scopes in sync mode: files","time":"2023-08-17T00:33:37+02:00"}
{"level":"debug","msg":"using cache for key status.showUntrackedFiles","time":"2023-08-17T00:33:37+02:00"}
{"command":"git status --untracked-files=all --porcelain -z","level":"debug","msg":"RunCommand","time":"2023-08-17T00:33:37+02:00"}
{"command":"git fetch --all","level":"debug","msg":"RunCommand","time":"2023-08-17T00:33:37+02:00"}
{"level":"info","msg":"refreshing the following scopes in async mode: branches,commits,remotes,tags","time":"2023-08-17T00:33:37+02:00"}
{"command":"git merge-base HEAD HEAD@{u}","level":"debug","msg":"RunCommand","time":"2023-08-17T00:33:37+02:00"}
{"command":"git tag --list -n --sort=-creatordate","level":"debug","msg":"RunCommand","time":"2023-08-17T00:33:37+02:00"}
{"command":"git branch -r","level":"debug","msg":"RunCommand","time":"2023-08-17T00:33:37+02:00"}
{"command":"git merge-base HEAD HEAD@{u}","level":"error","msg":"fatal: Not a valid object name HEAD\n","time":"2023-08-17T00:33:37+02:00"}
{"command":"git for-each-ref --sort=-committerdate --format=%(HEAD)%00%(refname:short)%00%(upstream:short)%00%(upstream:track)%00%(subject)%00%(objectname:short=8) refs/heads","level":"debug","msg":"RunCommand","time":"2023-08-17T00:33:37+02:00"}
{"command":"git symbolic-ref --short HEAD","level":"debug","msg":"RunCommand","time":"2023-08-17T00:33:37+02:00"}
{"command":"git rev-parse --symbolic-full-name master@{u}","level":"debug","msg":"RunCommand","time":"2023-08-17T00:33:38+02:00"}
{"command":"git rev-parse --symbolic-full-name main@{u}","level":"debug","msg":"RunCommand","time":"2023-08-17T00:33:38+02:00"}
{"command":"git rev-parse --symbolic-full-name main@{u}","level":"error","msg":"fatal: no such branch: 'main'\n","time":"2023-08-17T00:33:38+02:00"}
{"command":"git rev-parse --verify --quiet refs/remotes/origin/main","level":"debug","msg":"RunCommand","time":"2023-08-17T00:33:38+02:00"}
{"command":"git rev-parse --verify --quiet refs/remotes/origin/main","level":"error","msg":"","time":"2023-08-17T00:33:38+02:00"}
{"command":"git rev-parse --verify --quiet refs/heads/main","level":"debug","msg":"RunCommand","time":"2023-08-17T00:33:38+02:00"}
{"command":"git rev-parse --verify --quiet refs/heads/main","level":"error","msg":"","time":"2023-08-17T00:33:38+02:00"}
{"command":"git merge-base HEAD refs/remotes/origin/master","level":"debug","msg":"RunCommand","time":"2023-08-17T00:33:38+02:00"}
{"command":"git merge-base HEAD HEAD@{u}","level":"debug","msg":"RunCommand","time":"2023-08-17T00:33:38+02:00"}
{"command":"git for-each-ref --sort=-committerdate --format=%(HEAD)%00%(refname:short)%00%(upstream:short)%00%(upstream:track)%00%(subject)%00%(objectname:short=8) refs/heads","level":"debug","msg":"RunCommand","time":"2023-08-17T00:33:38+02:00"}
{"level":"info","msg":"refreshing the following scopes in sync mode: files","time":"2023-08-17T00:33:40+02:00"}
{"level":"debug","msg":"using cache for key status.showUntrackedFiles","time":"2023-08-17T00:33:40+02:00"}
{"command":"git status --untracked-files=all --porcelain -z","level":"debug","msg":"RunCommand","time":"2023-08-17T00:33:40+02:00"}
{"level":"info","msg":"refreshing the following scopes in sync mode: files","time":"2023-08-17T00:33:47+02:00"}
{"level":"debug","msg":"using cache for key status.showUntrackedFiles","time":"2023-08-17T00:33:47+02:00"}
{"command":"git status --untracked-files=all --porcelain -z","level":"debug","msg":"RunCommand","time":"2023-08-17T00:33:47+02:00"}
{"command":"git for-each-ref --sort=-committerdate --format=%(HEAD)%00%(refname:short)%00%(upstream:short)%00%(upstream:track)%00%(subject)%00%(objectname:short=8) refs/heads","level":"debug","msg":"RunCommand","time":"2023-08-17T00:33:47+02:00"}
{"level":"info","msg":"refreshing the following scopes in sync mode: files","time":"2023-08-17T00:33:50+02:00"}
{"level":"debug","msg":"using cache for key status.showUntrackedFiles","time":"2023-08-17T00:33:50+02:00"}
{"command":"git status --untracked-files=all --porcelain -z","level":"debug","msg":"RunCommand","time":"2023-08-17T00:33:50+02:00"}
{"command":"git merge-base HEAD refs/remotes/origin/master","level":"debug","msg":"RunCommand","time":"2023-08-17T00:33:55+02:00"}
{"level":"info","msg":"refreshing the following scopes in sync mode: files","time":"2023-08-17T00:33:57+02:00"}
{"level":"debug","msg":"using cache for key status.showUntrackedFiles","time":"2023-08-17T00:33:57+02:00"}
{"command":"git status --untracked-files=all --porcelain -z","level":"debug","msg":"RunCommand","time":"2023-08-17T00:33:57+02:00"}
{"level":"info","msg":"refreshing the following scopes in sync mode: files","time":"2023-08-17T00:34:00+02:00"}
{"level":"debug","msg":"using cache for key status.showUntrackedFiles","time":"2023-08-17T00:34:00+02:00"}
{"command":"git status --untracked-files=all --porcelain -z","level":"debug","msg":"RunCommand","time":"2023-08-17T00:34:00+02:00"}
{"level":"info","msg":"refreshing the following scopes in sync mode: files","time":"2023-08-17T00:34:07+02:00"}
{"level":"debug","msg":"using cache for key status.showUntrackedFiles","time":"2023-08-17T00:34:07+02:00"}
{"command":"git status --untracked-files=all --porcelain -z","level":"debug","msg":"RunCommand","time":"2023-08-17T00:34:07+02:00"}
{"level":"info","msg":"refreshing the following scopes in sync mode: files","time":"2023-08-17T00:34:10+02:00"}
{"level":"debug","msg":"using cache for key status.showUntrackedFiles","time":"2023-08-17T00:34:10+02:00"}
{"command":"git status --untracked-files=all --porcelain -z","level":"debug","msg":"RunCommand","time":"2023-08-17T00:34:10+02:00"}
{"level":"error","msg":"Unexpected error when running cmd task: signal: broken pipe","time":"2023-08-17T00:34:11+02:00"}
{"level":"info","msg":"refreshing the following scopes in sync mode: files","time":"2023-08-17T00:34:17+02:00"}
{"level":"debug","msg":"using cache for key status.showUntrackedFiles","time":"2023-08-17T00:34:17+02:00"}
{"command":"git status --untracked-files=all --porcelain -z","level":"debug","msg":"RunCommand","time":"2023-08-17T00:34:17+02:00"}
{"level":"info","msg":"refreshing the following scopes in sync mode: files","time":"2023-08-17T00:34:20+02:00"}
{"level":"debug","msg":"using cache for key status.showUntrackedFiles","time":"2023-08-17T00:34:20+02:00"}
{"command":"git status --untracked-files=all --porcelain -z","level":"debug","msg":"RunCommand","time":"2023-08-17T00:34:20+02:00"}
{"command":"git fetch --all","level":"debug","msg":"RunCommand","time":"2023-08-17T00:34:23+02:00"}
{"level":"info","msg":"refreshing the following scopes in async mode: branches,commits,remotes,tags","time":"2023-08-17T00:34:25+02:00"}
{"command":"git branch -r","level":"debug","msg":"RunCommand","time":"2023-08-17T00:34:25+02:00"}
{"command":"git merge-base HEAD HEAD@{u}","level":"debug","msg":"RunCommand","time":"2023-08-17T00:34:25+02:00"}
{"command":"git tag --list -n --sort=-creatordate","level":"debug","msg":"RunCommand","time":"2023-08-17T00:34:25+02:00"}
{"command":"git for-each-ref --sort=-committerdate --format=%(HEAD)%00%(refname:short)%00%(upstream:short)%00%(upstream:track)%00%(subject)%00%(objectname:short=8) refs/heads","level":"debug","msg":"RunCommand","time":"2023-08-17T00:34:25+02:00"}
{"level":"info","msg":"refreshing the following scopes in sync mode: files","time":"2023-08-17T00:34:27+02:00"}
{"level":"debug","msg":"using cache for key status.showUntrackedFiles","time":"2023-08-17T00:34:27+02:00"}
{"command":"git status --untracked-files=all --porcelain -z","level":"debug","msg":"RunCommand","time":"2023-08-17T00:34:27+02:00"}
{"level":"info","msg":"refreshing the following scopes in sync mode: files","time":"2023-08-17T00:34:30+02:00"}
{"level":"debug","msg":"using cache for key status.showUntrackedFiles","time":"2023-08-17T00:34:30+02:00"}
{"command":"git status --untracked-files=all --porcelain -z","level":"debug","msg":"RunCommand","time":"2023-08-17T00:34:30+02:00"}
{"level":"info","msg":"refreshing the following scopes in sync mode: files","time":"2023-08-17T00:34:37+02:00"}
{"level":"debug","msg":"using cache for key status.showUntrackedFiles","time":"2023-08-17T00:34:37+02:00"}
{"command":"git status --untracked-files=all --porcelain -z","level":"debug","msg":"RunCommand","time":"2023-08-17T00:34:37+02:00"}
{"command":"git fetch --all","level":"debug","msg":"RunCommand","time":"2023-08-17T00:34:37+02:00"}
{"level":"info","msg":"refreshing the following scopes in async mode: branches,commits,remotes,tags","time":"2023-08-17T00:34:37+02:00"}
{"command":"git tag --list -n --sort=-creatordate","level":"debug","msg":"RunCommand","time":"2023-08-17T00:34:37+02:00"}
{"command":"git merge-base HEAD HEAD@{u}","level":"debug","msg":"RunCommand","time":"2023-08-17T00:34:37+02:00"}
{"command":"git branch -r","level":"debug","msg":"RunCommand","time":"2023-08-17T00:34:37+02:00"}
{"command":"git for-each-ref --sort=-committerdate --format=%(HEAD)%00%(refname:short)%00%(upstream:short)%00%(upstream:track)%00%(subject)%00%(objectname:short=8) refs/heads","level":"debug","msg":"RunCommand","time":"2023-08-17T00:34:37+02:00"}
{"command":"git merge-base HEAD HEAD@{u}","level":"error","msg":"fatal: Not a valid object name HEAD\n","time":"2023-08-17T00:34:37+02:00"}
{"command":"git symbolic-ref --short HEAD","level":"debug","msg":"RunCommand","time":"2023-08-17T00:34:37+02:00"}
{"level":"info","msg":"refreshing the following scopes in sync mode: files","time":"2023-08-17T00:34:40+02:00"}
{"level":"debug","msg":"using cache for key status.showUntrackedFiles","time":"2023-08-17T00:34:40+02:00"}
{"command":"git status --untracked-files=all --porcelain -z","level":"debug","msg":"RunCommand","time":"2023-08-17T00:34:40+02:00"}
{"command":"git merge-base HEAD refs/remotes/origin/master","level":"debug","msg":"RunCommand","time":"2023-08-17T00:34:43+02:00"}
{"level":"error","msg":"Unexpected error when running cmd task: signal: broken pipe","time":"2023-08-17T00:34:44+02:00"}
{"level":"info","msg":"refreshing the following scopes in sync mode: files","time":"2023-08-17T00:34:47+02:00"}
{"level":"debug","msg":"using cache for key status.showUntrackedFiles","time":"2023-08-17T00:34:47+02:00"}
{"command":"git status --untracked-files=all --porcelain -z","level":"debug","msg":"RunCommand","time":"2023-08-17T00:34:47+02:00"}
{"level":"info","msg":"refreshing the following scopes in sync mode: files","time":"2023-08-17T00:34:50+02:00"}
{"level":"debug","msg":"using cache for key status.showUntrackedFiles","time":"2023-08-17T00:34:50+02:00"}
{"command":"git status --untracked-files=all --porcelain -z","level":"debug","msg":"RunCommand","time":"2023-08-17T00:34:50+02:00"}
{"level":"info","msg":"refreshing the following scopes in sync mode: files","time":"2023-08-17T00:34:57+02:00"}
{"level":"debug","msg":"using cache for key status.showUntrackedFiles","time":"2023-08-17T00:34:57+02:00"}
{"command":"git status --untracked-files=all --porcelain -z","level":"debug","msg":"RunCommand","time":"2023-08-17T00:34:57+02:00"}
{"level":"info","msg":"refreshing the following scopes in sync mode: files","time":"2023-08-17T00:35:00+02:00"}
{"level":"debug","msg":"using cache for key status.showUntrackedFiles","time":"2023-08-17T00:35:00+02:00"}
{"command":"git status --untracked-files=all --porcelain -z","level":"debug","msg":"RunCommand","time":"2023-08-17T00:35:00+02:00"}
{"level":"error","msg":"Unexpected error when running cmd task: signal: broken pipe","time":"2023-08-17T00:35:00+02:00"}
{"level":"info","msg":"refreshing the following scopes in sync mode: files","time":"2023-08-17T00:35:07+02:00"}
{"level":"debug","msg":"using cache for key status.showUntrackedFiles","time":"2023-08-17T00:35:07+02:00"}
{"command":"git status --untracked-files=all --porcelain -z","level":"debug","msg":"RunCommand","time":"2023-08-17T00:35:07+02:00"}
{"level":"info","msg":"refreshing the following scopes in sync mode: files","time":"2023-08-17T00:35:10+02:00"}
{"level":"debug","msg":"using cache for key status.showUntrackedFiles","time":"2023-08-17T00:35:10+02:00"}
{"command":"git status --untracked-files=all --porcelain -z","level":"debug","msg":"RunCommand","time":"2023-08-17T00:35:10+02:00"}
{"level":"info","msg":"refreshing the following scopes in sync mode: files","time":"2023-08-17T00:35:17+02:00"}
{"level":"debug","msg":"using cache for key status.showUntrackedFiles","time":"2023-08-17T00:35:17+02:00"}
{"command":"git status --untracked-files=all --porcelain -z","level":"debug","msg":"RunCommand","time":"2023-08-17T00:35:17+02:00"}
{"level":"info","msg":"refreshing the following scopes in sync mode: files","time":"2023-08-17T00:35:20+02:00"}
{"level":"debug","msg":"using cache for key status.showUntrackedFiles","time":"2023-08-17T00:35:20+02:00"}
{"command":"git status --untracked-files=all --porcelain -z","level":"debug","msg":"RunCommand","time":"2023-08-17T00:35:20+02:00"}
{"command":"git fetch --all","level":"debug","msg":"RunCommand","time":"2023-08-17T00:35:23+02:00"}
{"level":"info","msg":"refreshing the following scopes in async mode: branches,commits,remotes,tags","time":"2023-08-17T00:35:25+02:00"}
{"command":"git merge-base HEAD HEAD@{u}","level":"debug","msg":"RunCommand","time":"2023-08-17T00:35:25+02:00"}
{"command":"git branch -r","level":"debug","msg":"RunCommand","time":"2023-08-17T00:35:25+02:00"}
{"command":"git tag --list -n --sort=-creatordate","level":"debug","msg":"RunCommand","time":"2023-08-17T00:35:25+02:00"}
{"command":"git for-each-ref --sort=-committerdate --format=%(HEAD)%00%(refname:short)%00%(upstream:short)%00%(upstream:track)%00%(subject)%00%(objectname:short=8) refs/heads","level":"debug","msg":"RunCommand","time":"2023-08-17T00:35:25+02:00"}
{"level":"info","msg":"refreshing the following scopes in sync mode: files","time":"2023-08-17T00:35:27+02:00"}
{"level":"debug","msg":"using cache for key status.showUntrackedFiles","time":"2023-08-17T00:35:27+02:00"}
{"command":"git status --untracked-files=all --porcelain -z","level":"debug","msg":"RunCommand","time":"2023-08-17T00:35:27+02:00"}
{"level":"info","msg":"refreshing the following scopes in sync mode: files","time":"2023-08-17T00:35:30+02:00"}
{"level":"debug","msg":"using cache for key status.showUntrackedFiles","time":"2023-08-17T00:35:30+02:00"}
{"command":"git status --untracked-files=all --porcelain -z","level":"debug","msg":"RunCommand","time":"2023-08-17T00:35:30+02:00"}
{"level":"info","msg":"refreshing the following scopes in sync mode: files","time":"2023-08-17T00:35:37+02:00"}
{"level":"debug","msg":"using cache for key status.showUntrackedFiles","time":"2023-08-17T00:35:37+02:00"}
{"command":"git status --untracked-files=all --porcelain -z","level":"debug","msg":"RunCommand","time":"2023-08-17T00:35:37+02:00"}
{"command":"git fetch --all","level":"debug","msg":"RunCommand","time":"2023-08-17T00:35:37+02:00"}
{"level":"info","msg":"refreshing the following scopes in async mode: branches,commits,remotes,tags","time":"2023-08-17T00:35:37+02:00"}
{"command":"git tag --list -n --sort=-creatordate","level":"debug","msg":"RunCommand","time":"2023-08-17T00:35:37+02:00"}
{"command":"git merge-base HEAD HEAD@{u}","level":"debug","msg":"RunCommand","time":"2023-08-17T00:35:37+02:00"}
{"command":"git branch -r","level":"debug","msg":"RunCommand","time":"2023-08-17T00:35:37+02:00"}
{"command":"git for-each-ref --sort=-committerdate --format=%(HEAD)%00%(refname:short)%00%(upstream:short)%00%(upstream:track)%00%(subject)%00%(objectname:short=8) refs/heads","level":"debug","msg":"RunCommand","time":"2023-08-17T00:35:37+02:00"}
{"command":"git merge-base HEAD HEAD@{u}","level":"error","msg":"fatal: Not a valid object name HEAD\n","time":"2023-08-17T00:35:37+02:00"}
{"command":"git symbolic-ref --short HEAD","level":"debug","msg":"RunCommand","time":"2023-08-17T00:35:37+02:00"}
{"level":"info","msg":"refreshing the following scopes in sync mode: files","time":"2023-08-17T00:35:40+02:00"}
{"level":"debug","msg":"using cache for key status.showUntrackedFiles","time":"2023-08-17T00:35:40+02:00"}
{"command":"git status --untracked-files=all --porcelain -z","level":"debug","msg":"RunCommand","time":"2023-08-17T00:35:40+02:00"}
{"command":"git merge-base HEAD refs/remotes/origin/master","level":"debug","msg":"RunCommand","time":"2023-08-17T00:35:41+02:00"}
{"level":"error","msg":"Unexpected error when running cmd task: signal: broken pipe","time":"2023-08-17T00:35:42+02:00"}
{"level":"info","msg":"refreshing the following scopes in sync mode: files","time":"2023-08-17T00:35:47+02:00"}
{"level":"debug","msg":"using cache for key status.showUntrackedFiles","time":"2023-08-17T00:35:47+02:00"}
{"command":"git status --untracked-files=all --porcelain -z","level":"debug","msg":"RunCommand","time":"2023-08-17T00:35:47+02:00"}
{"level":"info","msg":"refreshing the following scopes in sync mode: files","time":"2023-08-17T00:35:50+02:00"}
{"level":"debug","msg":"using cache for key status.showUntrackedFiles","time":"2023-08-17T00:35:50+02:00"}
{"command":"git status --untracked-files=all --porcelain -z","level":"debug","msg":"RunCommand","time":"2023-08-17T00:35:50+02:00"}
{"level":"info","msg":"refreshing the following scopes in sync mode: files","time":"2023-08-17T00:35:57+02:00"}
{"level":"debug","msg":"using cache for key status.showUntrackedFiles","time":"2023-08-17T00:35:57+02:00"}
{"command":"git status --untracked-files=all --porcelain -z","level":"debug","msg":"RunCommand","time":"2023-08-17T00:35:57+02:00"}
{"level":"info","msg":"refreshing the following scopes in sync mode: files","time":"2023-08-17T00:36:00+02:00"}
{"level":"debug","msg":"using cache for key status.showUntrackedFiles","time":"2023-08-17T00:36:00+02:00"}
{"command":"git status --untracked-files=all --porcelain -z","level":"debug","msg":"RunCommand","time":"2023-08-17T00:36:00+02:00"}
{"level":"info","msg":"refreshing the following scopes in sync mode: files","time":"2023-08-17T00:36:07+02:00"}
{"level":"debug","msg":"using cache for key status.showUntrackedFiles","time":"2023-08-17T00:36:07+02:00"}
{"command":"git status --untracked-files=all --porcelain -z","level":"debug","msg":"RunCommand","time":"2023-08-17T00:36:07+02:00"}
{"level":"info","msg":"refreshing the following scopes in sync mode: files","time":"2023-08-17T00:36:10+02:00"}
{"level":"debug","msg":"using cache for key status.showUntrackedFiles","time":"2023-08-17T00:36:10+02:00"}
{"command":"git status --untracked-files=all --porcelain -z","level":"debug","msg":"RunCommand","time":"2023-08-17T00:36:10+02:00"}
{"level":"info","msg":"refreshing the following scopes in sync mode: files","time":"2023-08-17T00:36:17+02:00"}
{"level":"debug","msg":"using cache for key status.showUntrackedFiles","time":"2023-08-17T00:36:17+02:00"}
{"command":"git status --untracked-files=all --porcelain -z","level":"debug","msg":"RunCommand","time":"2023-08-17T00:36:17+02:00"}
{"level":"info","msg":"refreshing the following scopes in sync mode: files","time":"2023-08-17T00:36:20+02:00"}
{"level":"debug","msg":"using cache for key status.showUntrackedFiles","time":"2023-08-17T00:36:20+02:00"}
{"command":"git status --untracked-files=all --porcelain -z","level":"debug","msg":"RunCommand","time":"2023-08-17T00:36:20+02:00"}
{"command":"git fetch --all","level":"debug","msg":"RunCommand","time":"2023-08-17T00:36:23+02:00"}
{"level":"info","msg":"refreshing the following scopes in async mode: branches,commits,remotes,tags","time":"2023-08-17T00:36:25+02:00"}
{"command":"git merge-base HEAD HEAD@{u}","level":"debug","msg":"RunCommand","time":"2023-08-17T00:36:25+02:00"}
{"command":"git tag --list -n --sort=-creatordate","level":"debug","msg":"RunCommand","time":"2023-08-17T00:36:25+02:00"}
{"command":"git branch -r","level":"debug","msg":"RunCommand","time":"2023-08-17T00:36:25+02:00"}
{"command":"git for-each-ref --sort=-committerdate --format=%(HEAD)%00%(refname:short)%00%(upstream:short)%00%(upstream:track)%00%(subject)%00%(objectname:short=8) refs/heads","level":"debug","msg":"RunCommand","time":"2023-08-17T00:36:25+02:00"}
{"level":"info","msg":"refreshing the following scopes in sync mode: files","time":"2023-08-17T00:36:27+02:00"}
{"level":"debug","msg":"using cache for key status.showUntrackedFiles","time":"2023-08-17T00:36:27+02:00"}
{"command":"git status --untracked-files=all --porcelain -z","level":"debug","msg":"RunCommand","time":"2023-08-17T00:36:27+02:00"}
{"level":"info","msg":"refreshing the following scopes in sync mode: files","time":"2023-08-17T00:36:30+02:00"}
{"level":"debug","msg":"using cache for key status.showUntrackedFiles","time":"2023-08-17T00:36:30+02:00"}
{"command":"git status --untracked-files=all --porcelain -z","level":"debug","msg":"RunCommand","time":"2023-08-17T00:36:30+02:00"}
{"level":"info","msg":"refreshing the following scopes in sync mode: files","time":"2023-08-17T00:36:37+02:00"}
{"level":"debug","msg":"using cache for key status.showUntrackedFiles","time":"2023-08-17T00:36:37+02:00"}
{"command":"git status --untracked-files=all --porcelain -z","level":"debug","msg":"RunCommand","time":"2023-08-17T00:36:37+02:00"}
{"command":"git fetch --all","level":"debug","msg":"RunCommand","time":"2023-08-17T00:36:37+02:00"}
{"level":"info","msg":"refreshing the following scopes in async mode: branches,commits,remotes,tags","time":"2023-08-17T00:36:37+02:00"}
{"command":"git merge-base HEAD HEAD@{u}","level":"debug","msg":"RunCommand","time":"2023-08-17T00:36:37+02:00"}
{"command":"git branch -r","level":"debug","msg":"RunCommand","time":"2023-08-17T00:36:37+02:00"}
{"command":"git tag --list -n --sort=-creatordate","level":"debug","msg":"RunCommand","time":"2023-08-17T00:36:37+02:00"}
{"command":"git for-each-ref --sort=-committerdate --format=%(HEAD)%00%(refname:short)%00%(upstream:short)%00%(upstream:track)%00%(subject)%00%(objectname:short=8) refs/heads","level":"debug","msg":"RunCommand","time":"2023-08-17T00:36:37+02:00"}
{"command":"git merge-base HEAD HEAD@{u}","level":"error","msg":"fatal: Not a valid object name HEAD\n","time":"2023-08-17T00:36:37+02:00"}
{"command":"git symbolic-ref --short HEAD","level":"debug","msg":"RunCommand","time":"2023-08-17T00:36:37+02:00"}
{"level":"info","msg":"refreshing the following scopes in sync mode: files","time":"2023-08-17T00:36:40+02:00"}
{"level":"debug","msg":"using cache for key status.showUntrackedFiles","time":"2023-08-17T00:36:40+02:00"}
{"command":"git status --untracked-files=all --porcelain -z","level":"debug","msg":"RunCommand","time":"2023-08-17T00:36:40+02:00"}
{"command":"git merge-base HEAD refs/remotes/origin/master","level":"debug","msg":"RunCommand","time":"2023-08-17T00:36:43+02:00"}
{"level":"error","msg":"Unexpected error when running cmd task: signal: broken pipe","time":"2023-08-17T00:36:44+02:00"}
{"level":"info","msg":"refreshing the following scopes in sync mode: files","time":"2023-08-17T00:36:47+02:00"}
{"level":"debug","msg":"using cache for key status.showUntrackedFiles","time":"2023-08-17T00:36:47+02:00"}
{"command":"git status --untracked-files=all --porcelain -z","level":"debug","msg":"RunCommand","time":"2023-08-17T00:36:47+02:00"}
{"level":"info","msg":"refreshing the following scopes in sync mode: files","time":"2023-08-17T00:36:50+02:00"}
{"level":"debug","msg":"using cache for key status.showUntrackedFiles","time":"2023-08-17T00:36:50+02:00"}
{"command":"git status --untracked-files=all --porcelain -z","level":"debug","msg":"RunCommand","time":"2023-08-17T00:36:50+02:00"}
{"level":"info","msg":"refreshing the following scopes in sync mode: files","time":"2023-08-17T00:36:57+02:00"}
{"level":"debug","msg":"using cache for key status.showUntrackedFiles","time":"2023-08-17T00:36:57+02:00"}
{"command":"git status --untracked-files=all --porcelain -z","level":"debug","msg":"RunCommand","time":"2023-08-17T00:36:57+02:00"}
{"level":"info","msg":"refreshing the following scopes in sync mode: files","time":"2023-08-17T00:37:00+02:00"}
{"level":"debug","msg":"using cache for key status.showUntrackedFiles","time":"2023-08-17T00:37:00+02:00"}
{"command":"git status --untracked-files=all --porcelain -z","level":"debug","msg":"RunCommand","time":"2023-08-17T00:37:00+02:00"}
{"level":"info","msg":"refreshing the following scopes in sync mode: files","time":"2023-08-17T00:37:07+02:00"}
{"level":"debug","msg":"using cache for key status.showUntrackedFiles","time":"2023-08-17T00:37:07+02:00"}
{"command":"git status --untracked-files=all --porcelain -z","level":"debug","msg":"RunCommand","time":"2023-08-17T00:37:07+02:00"}
{"level":"info","msg":"refreshing the following scopes in sync mode: files","time":"2023-08-17T00:37:10+02:00"}
{"level":"debug","msg":"using cache for key status.showUntrackedFiles","time":"2023-08-17T00:37:10+02:00"}
{"command":"git status --untracked-files=all --porcelain -z","level":"debug","msg":"RunCommand","time":"2023-08-17T00:37:10+02:00"}
{"level":"info","msg":"refreshing the following scopes in sync mode: files","time":"2023-08-17T00:37:17+02:00"}
{"level":"debug","msg":"using cache for key status.showUntrackedFiles","time":"2023-08-17T00:37:17+02:00"}
{"command":"git status --untracked-files=all --porcelain -z","level":"debug","msg":"RunCommand","time":"2023-08-17T00:37:17+02:00"}
{"level":"info","msg":"refreshing the following scopes in sync mode: files","time":"2023-08-17T00:37:20+02:00"}
{"level":"debug","msg":"using cache for key status.showUntrackedFiles","time":"2023-08-17T00:37:20+02:00"}
{"command":"git status --untracked-files=all --porcelain -z","level":"debug","msg":"RunCommand","time":"2023-08-17T00:37:20+02:00"}
{"command":"git fetch --all","level":"debug","msg":"RunCommand","time":"2023-08-17T00:37:23+02:00"}
{"level":"info","msg":"refreshing the following scopes in async mode: branches,commits,remotes,tags","time":"2023-08-17T00:37:25+02:00"}
{"command":"git merge-base HEAD HEAD@{u}","level":"debug","msg":"RunCommand","time":"2023-08-17T00:37:25+02:00"}
{"command":"git tag --list -n --sort=-creatordate","level":"debug","msg":"RunCommand","time":"2023-08-17T00:37:25+02:00"}
{"command":"git branch -r","level":"debug","msg":"RunCommand","time":"2023-08-17T00:37:25+02:00"}
{"command":"git for-each-ref --sort=-committerdate --format=%(HEAD)%00%(refname:short)%00%(upstream:short)%00%(upstream:track)%00%(subject)%00%(objectname:short=8) refs/heads","level":"debug","msg":"RunCommand","time":"2023-08-17T00:37:25+02:00"}
{"level":"info","msg":"refreshing the following scopes in sync mode: files","time":"2023-08-17T00:37:27+02:00"}
{"level":"debug","msg":"using cache for key status.showUntrackedFiles","time":"2023-08-17T00:37:27+02:00"}
{"command":"git status --untracked-files=all --porcelain -z","level":"debug","msg":"RunCommand","time":"2023-08-17T00:37:27+02:00"}
{"level":"info","msg":"refreshing the following scopes in sync mode: files","time":"2023-08-17T00:37:30+02:00"}
{"level":"debug","msg":"using cache for key status.showUntrackedFiles","time":"2023-08-17T00:37:30+02:00"}
{"command":"git status --untracked-files=all --porcelain -z","level":"debug","msg":"RunCommand","time":"2023-08-17T00:37:30+02:00"}
{"level":"info","msg":"refreshing the following scopes in sync mode: files","time":"2023-08-17T00:37:37+02:00"}
{"level":"debug","msg":"using cache for key status.showUntrackedFiles","time":"2023-08-17T00:37:37+02:00"}
{"command":"git status --untracked-files=all --porcelain -z","level":"debug","msg":"RunCommand","time":"2023-08-17T00:37:37+02:00"}
{"command":"git fetch --all","level":"debug","msg":"RunCommand","time":"2023-08-17T00:37:37+02:00"}
{"level":"info","msg":"refreshing the following scopes in async mode: branches,commits,remotes,tags","time":"2023-08-17T00:37:37+02:00"}
{"command":"git merge-base HEAD HEAD@{u}","level":"debug","msg":"RunCommand","time":"2023-08-17T00:37:37+02:00"}
{"command":"git branch -r","level":"debug","msg":"RunCommand","time":"2023-08-17T00:37:37+02:00"}
{"command":"git tag --list -n --sort=-creatordate","level":"debug","msg":"RunCommand","time":"2023-08-17T00:37:37+02:00"}
{"command":"git merge-base HEAD HEAD@{u}","level":"error","msg":"fatal: Not a valid object name HEAD\n","time":"2023-08-17T00:37:37+02:00"}
{"command":"git for-each-ref --sort=-committerdate --format=%(HEAD)%00%(refname:short)%00%(upstream:short)%00%(upstream:track)%00%(subject)%00%(objectname:short=8) refs/heads","level":"debug","msg":"RunCommand","time":"2023-08-17T00:37:37+02:00"}
{"command":"git symbolic-ref --short HEAD","level":"debug","msg":"RunCommand","time":"2023-08-17T00:37:37+02:00"}
{"level":"info","msg":"refreshing the following scopes in sync mode: files","time":"2023-08-17T00:37:40+02:00"}
{"level":"debug","msg":"using cache for key status.showUntrackedFiles","time":"2023-08-17T00:37:40+02:00"}
{"command":"git status --untracked-files=all --porcelain -z","level":"debug","msg":"RunCommand","time":"2023-08-17T00:37:40+02:00"}
{"command":"git merge-base HEAD refs/remotes/origin/master","level":"debug","msg":"RunCommand","time":"2023-08-17T00:37:42+02:00"}
{"level":"error","msg":"Unexpected error when running cmd task: signal: broken pipe","time":"2023-08-17T00:37:43+02:00"}
{"level":"info","msg":"refreshing the following scopes in sync mode: files","time":"2023-08-17T00:37:47+02:00"}
{"level":"debug","msg":"using cache for key status.showUntrackedFiles","time":"2023-08-17T00:37:47+02:00"}
{"command":"git status --untracked-files=all --porcelain -z","level":"debug","msg":"RunCommand","time":"2023-08-17T00:37:47+02:00"}
{"level":"info","msg":"refreshing the following scopes in sync mode: files","time":"2023-08-17T00:37:50+02:00"}
{"level":"debug","msg":"using cache for key status.showUntrackedFiles","time":"2023-08-17T00:37:50+02:00"}
{"command":"git status --untracked-files=all --porcelain -z","level":"debug","msg":"RunCommand","time":"2023-08-17T00:37:50+02:00"}
{"level":"info","msg":"refreshing the following scopes in sync mode: files","time":"2023-08-17T00:37:57+02:00"}
{"level":"debug","msg":"using cache for key status.showUntrackedFiles","time":"2023-08-17T00:37:57+02:00"}
{"command":"git status --untracked-files=all --porcelain -z","level":"debug","msg":"RunCommand","time":"2023-08-17T00:37:57+02:00"}
{"level":"info","msg":"refreshing the following scopes in sync mode: files","time":"2023-08-17T00:38:00+02:00"}
{"level":"debug","msg":"using cache for key status.showUntrackedFiles","time":"2023-08-17T00:38:00+02:00"}
{"command":"git status --untracked-files=all --porcelain -z","level":"debug","msg":"RunCommand","time":"2023-08-17T00:38:00+02:00"}
{"level":"info","msg":"refreshing the following scopes in sync mode: files","time":"2023-08-17T00:38:07+02:00"}
{"level":"debug","msg":"using cache for key status.showUntrackedFiles","time":"2023-08-17T00:38:07+02:00"}
{"command":"git status --untracked-files=all --porcelain -z","level":"debug","msg":"RunCommand","time":"2023-08-17T00:38:07+02:00"}
{"level":"info","msg":"refreshing the following scopes in sync mode: files","time":"2023-08-17T00:38:10+02:00"}
{"level":"debug","msg":"using cache for key status.showUntrackedFiles","time":"2023-08-17T00:38:10+02:00"}
{"command":"git status --untracked-files=all --porcelain -z","level":"debug","msg":"RunCommand","time":"2023-08-17T00:38:10+02:00"}
{"level":"info","msg":"refreshing the following scopes in sync mode: files","time":"2023-08-17T00:38:17+02:00"}
{"level":"debug","msg":"using cache for key status.showUntrackedFiles","time":"2023-08-17T00:38:17+02:00"}
{"command":"git status --untracked-files=all --porcelain -z","level":"debug","msg":"RunCommand","time":"2023-08-17T00:38:17+02:00"}
{"level":"info","msg":"refreshing the following scopes in sync mode: files","time":"2023-08-17T00:38:20+02:00"}
{"level":"debug","msg":"using cache for key status.showUntrackedFiles","time":"2023-08-17T00:38:20+02:00"}
{"command":"git status --untracked-files=all --porcelain -z","level":"debug","msg":"RunCommand","time":"2023-08-17T00:38:20+02:00"}
{"command":"git fetch --all","level":"debug","msg":"RunCommand","time":"2023-08-17T00:38:23+02:00"}
{"level":"info","msg":"refreshing the following scopes in async mode: branches,commits,remotes,tags","time":"2023-08-17T00:38:26+02:00"}
{"command":"git branch -r","level":"debug","msg":"RunCommand","time":"2023-08-17T00:38:26+02:00"}
{"command":"git tag --list -n --sort=-creatordate","level":"debug","msg":"RunCommand","time":"2023-08-17T00:38:26+02:00"}
{"command":"git merge-base HEAD HEAD@{u}","level":"debug","msg":"RunCommand","time":"2023-08-17T00:38:26+02:00"}
{"command":"git for-each-ref --sort=-committerdate --format=%(HEAD)%00%(refname:short)%00%(upstream:short)%00%(upstream:track)%00%(subject)%00%(objectname:short=8) refs/heads","level":"debug","msg":"RunCommand","time":"2023-08-17T00:38:26+02:00"}
{"level":"info","msg":"refreshing the following scopes in sync mode: files","time":"2023-08-17T00:38:27+02:00"}
{"level":"debug","msg":"using cache for key status.showUntrackedFiles","time":"2023-08-17T00:38:27+02:00"}
{"command":"git status --untracked-files=all --porcelain -z","level":"debug","msg":"RunCommand","time":"2023-08-17T00:38:27+02:00"}
{"level":"info","msg":"refreshing the following scopes in sync mode: files","time":"2023-08-17T00:38:30+02:00"}
{"level":"debug","msg":"using cache for key status.showUntrackedFiles","time":"2023-08-17T00:38:30+02:00"}
{"command":"git status --untracked-files=all --porcelain -z","level":"debug","msg":"RunCommand","time":"2023-08-17T00:38:30+02:00"}
{"level":"info","msg":"refreshing the following scopes in sync mode: files","time":"2023-08-17T00:38:37+02:00"}
{"level":"debug","msg":"using cache for key status.showUntrackedFiles","time":"2023-08-17T00:38:37+02:00"}
{"command":"git status --untracked-files=all --porcelain -z","level":"debug","msg":"RunCommand","time":"2023-08-17T00:38:37+02:00"}
{"command":"git fetch --all","level":"debug","msg":"RunCommand","time":"2023-08-17T00:38:37+02:00"}
{"level":"info","msg":"refreshing the following scopes in async mode: branches,commits,remotes,tags","time":"2023-08-17T00:38:37+02:00"}
{"command":"git branch -r","level":"debug","msg":"RunCommand","time":"2023-08-17T00:38:37+02:00"}
{"command":"git merge-base HEAD HEAD@{u}","level":"debug","msg":"RunCommand","time":"2023-08-17T00:38:37+02:00"}
{"command":"git tag --list -n --sort=-creatordate","level":"debug","msg":"RunCommand","time":"2023-08-17T00:38:37+02:00"}
{"command":"git merge-base HEAD HEAD@{u}","level":"error","msg":"fatal: Not a valid object name HEAD\n","time":"2023-08-17T00:38:37+02:00"}
{"command":"git for-each-ref --sort=-committerdate --format=%(HEAD)%00%(refname:short)%00%(upstream:short)%00%(upstream:track)%00%(subject)%00%(objectname:short=8) refs/heads","level":"debug","msg":"RunCommand","time":"2023-08-17T00:38:37+02:00"}
{"command":"git symbolic-ref --short HEAD","level":"debug","msg":"RunCommand","time":"2023-08-17T00:38:37+02:00"}
{"level":"info","msg":"refreshing the following scopes in sync mode: files","time":"2023-08-17T00:38:40+02:00"}
{"level":"debug","msg":"using cache for key status.showUntrackedFiles","time":"2023-08-17T00:38:40+02:00"}
{"command":"git status --untracked-files=all --porcelain -z","level":"debug","msg":"RunCommand","time":"2023-08-17T00:38:40+02:00"}
{"command":"git merge-base HEAD refs/remotes/origin/master","level":"debug","msg":"RunCommand","time":"2023-08-17T00:38:43+02:00"}
{"level":"error","msg":"Unexpected error when running cmd task: signal: broken pipe","time":"2023-08-17T00:38:44+02:00"}
{"level":"info","msg":"refreshing the following scopes in sync mode: files","time":"2023-08-17T00:38:47+02:00"}
{"level":"debug","msg":"using cache for key status.showUntrackedFiles","time":"2023-08-17T00:38:47+02:00"}
{"command":"git status --untracked-files=all --porcelain -z","level":"debug","msg":"RunCommand","time":"2023-08-17T00:38:47+02:00"}
{"level":"info","msg":"refreshing the following scopes in sync mode: files","time":"2023-08-17T00:38:50+02:00"}
{"level":"debug","msg":"using cache for key status.showUntrackedFiles","time":"2023-08-17T00:38:50+02:00"}
{"command":"git status --untracked-files=all --porcelain -z","level":"debug","msg":"RunCommand","time":"2023-08-17T00:38:50+02:00"}
{"level":"info","msg":"refreshing the following scopes in sync mode: files","time":"2023-08-17T00:38:57+02:00"}
{"level":"debug","msg":"using cache for key status.showUntrackedFiles","time":"2023-08-17T00:38:57+02:00"}
{"command":"git status --untracked-files=all --porcelain -z","level":"debug","msg":"RunCommand","time":"2023-08-17T00:38:57+02:00"}
{"level":"info","msg":"refreshing the following scopes in sync mode: files","time":"2023-08-17T00:39:00+02:00"}
{"level":"debug","msg":"using cache for key status.showUntrackedFiles","time":"2023-08-17T00:39:00+02:00"}
{"command":"git status --untracked-files=all --porcelain -z","level":"debug","msg":"RunCommand","time":"2023-08-17T00:39:00+02:00"}
{"level":"info","msg":"refreshing the following scopes in sync mode: files","time":"2023-08-17T00:39:07+02:00"}
{"level":"debug","msg":"using cache for key status.showUntrackedFiles","time":"2023-08-17T00:39:07+02:00"}
{"command":"git status --untracked-files=all --porcelain -z","level":"debug","msg":"RunCommand","time":"2023-08-17T00:39:07+02:00"}
{"level":"info","msg":"refreshing the following scopes in sync mode: files","time":"2023-08-17T00:39:10+02:00"}
{"level":"debug","msg":"using cache for key status.showUntrackedFiles","time":"2023-08-17T00:39:10+02:00"}
{"command":"git status --untracked-files=all --porcelain -z","level":"debug","msg":"RunCommand","time":"2023-08-17T00:39:10+02:00"}
{"level":"info","msg":"refreshing the following scopes in sync mode: files","time":"2023-08-17T00:39:17+02:00"}
{"level":"debug","msg":"using cache for key status.showUntrackedFiles","time":"2023-08-17T00:39:17+02:00"}
{"command":"git status --untracked-files=all --porcelain -z","level":"debug","msg":"RunCommand","time":"2023-08-17T00:39:17+02:00"}
{"level":"info","msg":"refreshing the following scopes in sync mode: files","time":"2023-08-17T00:39:20+02:00"}
{"level":"debug","msg":"using cache for key status.showUntrackedFiles","time":"2023-08-17T00:39:20+02:00"}
{"command":"git status --untracked-files=all --porcelain -z","level":"debug","msg":"RunCommand","time":"2023-08-17T00:39:20+02:00"}
{"command":"git fetch --all","level":"debug","msg":"RunCommand","time":"2023-08-17T00:39:23+02:00"}
{"level":"info","msg":"refreshing the following scopes in async mode: branches,commits,remotes,tags","time":"2023-08-17T00:39:25+02:00"}
{"command":"git branch -r","level":"debug","msg":"RunCommand","time":"2023-08-17T00:39:25+02:00"}
{"command":"git merge-base HEAD HEAD@{u}","level":"debug","msg":"RunCommand","time":"2023-08-17T00:39:25+02:00"}
{"command":"git tag --list -n --sort=-creatordate","level":"debug","msg":"RunCommand","time":"2023-08-17T00:39:25+02:00"}
{"command":"git for-each-ref --sort=-committerdate --format=%(HEAD)%00%(refname:short)%00%(upstream:short)%00%(upstream:track)%00%(subject)%00%(objectname:short=8) refs/heads","level":"debug","msg":"RunCommand","time":"2023-08-17T00:39:25+02:00"}
{"level":"info","msg":"refreshing the following scopes in sync mode: files","time":"2023-08-17T00:39:27+02:00"}
{"level":"debug","msg":"using cache for key status.showUntrackedFiles","time":"2023-08-17T00:39:27+02:00"}
{"command":"git status --untracked-files=all --porcelain -z","level":"debug","msg":"RunCommand","time":"2023-08-17T00:39:27+02:00"}
{"level":"info","msg":"refreshing the following scopes in sync mode: files","time":"2023-08-17T00:39:30+02:00"}
{"level":"debug","msg":"using cache for key status.showUntrackedFiles","time":"2023-08-17T00:39:30+02:00"}
{"command":"git status --untracked-files=all --porcelain -z","level":"debug","msg":"RunCommand","time":"2023-08-17T00:39:30+02:00"}
{"level":"info","msg":"refreshing the following scopes in sync mode: files","time":"2023-08-17T00:39:37+02:00"}
{"level":"debug","msg":"using cache for key status.showUntrackedFiles","time":"2023-08-17T00:39:37+02:00"}
{"command":"git status --untracked-files=all --porcelain -z","level":"debug","msg":"RunCommand","time":"2023-08-17T00:39:37+02:00"}
{"command":"git fetch --all","level":"debug","msg":"RunCommand","time":"2023-08-17T00:39:37+02:00"}
{"level":"info","msg":"refreshing the following scopes in async mode: branches,commits,remotes,tags","time":"2023-08-17T00:39:37+02:00"}
{"command":"git merge-base HEAD HEAD@{u}","level":"debug","msg":"RunCommand","time":"2023-08-17T00:39:37+02:00"}
{"command":"git branch -r","level":"debug","msg":"RunCommand","time":"2023-08-17T00:39:37+02:00"}
{"command":"git tag --list -n --sort=-creatordate","level":"debug","msg":"RunCommand","time":"2023-08-17T00:39:37+02:00"}
{"command":"git merge-base HEAD HEAD@{u}","level":"error","msg":"fatal: Not a valid object name HEAD\n","time":"2023-08-17T00:39:37+02:00"}
{"command":"git for-each-ref --sort=-committerdate --format=%(HEAD)%00%(refname:short)%00%(upstream:short)%00%(upstream:track)%00%(subject)%00%(objectname:short=8) refs/heads","level":"debug","msg":"RunCommand","time":"2023-08-17T00:39:37+02:00"}
{"command":"git symbolic-ref --short HEAD","level":"debug","msg":"RunCommand","time":"2023-08-17T00:39:37+02:00"}
{"level":"info","msg":"refreshing the following scopes in sync mode: files","time":"2023-08-17T00:39:40+02:00"}
{"level":"debug","msg":"using cache for key status.showUntrackedFiles","time":"2023-08-17T00:39:40+02:00"}
{"command":"git status --untracked-files=all --porcelain -z","level":"debug","msg":"RunCommand","time":"2023-08-17T00:39:40+02:00"}
{"command":"git merge-base HEAD refs/remotes/origin/master","level":"debug","msg":"RunCommand","time":"2023-08-17T00:39:41+02:00"}
{"level":"error","msg":"Unexpected error when running cmd task: signal: broken pipe","time":"2023-08-17T00:39:42+02:00"}
{"level":"info","msg":"refreshing the following scopes in sync mode: files","time":"2023-08-17T00:39:47+02:00"}
{"level":"debug","msg":"using cache for key status.showUntrackedFiles","time":"2023-08-17T00:39:47+02:00"}
{"command":"git status --untracked-files=all --porcelain -z","level":"debug","msg":"RunCommand","time":"2023-08-17T00:39:47+02:00"}
{"level":"info","msg":"refreshing the following scopes in sync mode: files","time":"2023-08-17T00:39:50+02:00"}
{"level":"debug","msg":"using cache for key status.showUntrackedFiles","time":"2023-08-17T00:39:50+02:00"}
{"command":"git status --untracked-files=all --porcelain -z","level":"debug","msg":"RunCommand","time":"2023-08-17T00:39:50+02:00"}
{"level":"info","msg":"refreshing the following scopes in sync mode: files","time":"2023-08-17T00:39:57+02:00"}
{"level":"debug","msg":"using cache for key status.showUntrackedFiles","time":"2023-08-17T00:39:57+02:00"}
{"command":"git status --untracked-files=all --porcelain -z","level":"debug","msg":"RunCommand","time":"2023-08-17T00:39:57+02:00"}
{"level":"info","msg":"refreshing the following scopes in sync mode: files","time":"2023-08-17T00:40:00+02:00"}
{"level":"debug","msg":"using cache for key status.showUntrackedFiles","time":"2023-08-17T00:40:00+02:00"}
{"command":"git status --untracked-files=all --porcelain -z","level":"debug","msg":"RunCommand","time":"2023-08-17T00:40:00+02:00"}
{"level":"info","msg":"refreshing the following scopes in sync mode: files","time":"2023-08-17T00:40:07+02:00"}
{"level":"debug","msg":"using cache for key status.showUntrackedFiles","time":"2023-08-17T00:40:07+02:00"}
{"command":"git status --untracked-files=all --porcelain -z","level":"debug","msg":"RunCommand","time":"2023-08-17T00:40:07+02:00"}
{"level":"info","msg":"refreshing the following scopes in sync mode: files","time":"2023-08-17T00:40:10+02:00"}
{"level":"debug","msg":"using cache for key status.showUntrackedFiles","time":"2023-08-17T00:40:10+02:00"}
{"command":"git status --untracked-files=all --porcelain -z","level":"debug","msg":"RunCommand","time":"2023-08-17T00:40:10+02:00"}
{"level":"info","msg":"refreshing the following scopes in sync mode: files","time":"2023-08-17T00:40:17+02:00"}
{"level":"debug","msg":"using cache for key status.showUntrackedFiles","time":"2023-08-17T00:40:17+02:00"}
{"command":"git status --untracked-files=all --porcelain -z","level":"debug","msg":"RunCommand","time":"2023-08-17T00:40:17+02:00"}
{"level":"info","msg":"refreshing the following scopes in sync mode: files","time":"2023-08-17T00:40:20+02:00"}
{"level":"debug","msg":"using cache for key status.showUntrackedFiles","time":"2023-08-17T00:40:20+02:00"}
{"command":"git status --untracked-files=all --porcelain -z","level":"debug","msg":"RunCommand","time":"2023-08-17T00:40:20+02:00"}
{"command":"git fetch --all","level":"debug","msg":"RunCommand","time":"2023-08-17T00:40:23+02:00"}
{"level":"info","msg":"refreshing the following scopes in async mode: branches,commits,remotes,tags","time":"2023-08-17T00:40:25+02:00"}
{"command":"git branch -r","level":"debug","msg":"RunCommand","time":"2023-08-17T00:40:25+02:00"}
{"command":"git merge-base HEAD HEAD@{u}","level":"debug","msg":"RunCommand","time":"2023-08-17T00:40:25+02:00"}
{"command":"git tag --list -n --sort=-creatordate","level":"debug","msg":"RunCommand","time":"2023-08-17T00:40:25+02:00"}
{"command":"git for-each-ref --sort=-committerdate --format=%(HEAD)%00%(refname:short)%00%(upstream:short)%00%(upstream:track)%00%(subject)%00%(objectname:short=8) refs/heads","level":"debug","msg":"RunCommand","time":"2023-08-17T00:40:25+02:00"}
{"level":"info","msg":"refreshing the following scopes in sync mode: files","time":"2023-08-17T00:40:27+02:00"}
{"level":"debug","msg":"using cache for key status.showUntrackedFiles","time":"2023-08-17T00:40:27+02:00"}
{"command":"git status --untracked-files=all --porcelain -z","level":"debug","msg":"RunCommand","time":"2023-08-17T00:40:27+02:00"}
{"level":"info","msg":"refreshing the following scopes in sync mode: files","time":"2023-08-17T00:40:30+02:00"}
{"level":"debug","msg":"using cache for key status.showUntrackedFiles","time":"2023-08-17T00:40:30+02:00"}
{"command":"git status --untracked-files=all --porcelain -z","level":"debug","msg":"RunCommand","time":"2023-08-17T00:40:30+02:00"}
{"level":"info","msg":"refreshing the following scopes in sync mode: files","time":"2023-08-17T00:40:37+02:00"}
{"level":"debug","msg":"using cache for key status.showUntrackedFiles","time":"2023-08-17T00:40:37+02:00"}
{"command":"git status --untracked-files=all --porcelain -z","level":"debug","msg":"RunCommand","time":"2023-08-17T00:40:37+02:00"}
{"command":"git fetch --all","level":"debug","msg":"RunCommand","time":"2023-08-17T00:40:37+02:00"}
{"level":"info","msg":"refreshing the following scopes in async mode: branches,commits,remotes,tags","time":"2023-08-17T00:40:37+02:00"}
{"command":"git merge-base HEAD HEAD@{u}","level":"debug","msg":"RunCommand","time":"2023-08-17T00:40:37+02:00"}
{"command":"git tag --list -n --sort=-creatordate","level":"debug","msg":"RunCommand","time":"2023-08-17T00:40:37+02:00"}
{"command":"git branch -r","level":"debug","msg":"RunCommand","time":"2023-08-17T00:40:37+02:00"}
{"command":"git merge-base HEAD HEAD@{u}","level":"error","msg":"fatal: Not a valid object name HEAD\n","time":"2023-08-17T00:40:37+02:00"}
{"command":"git for-each-ref --sort=-committerdate --format=%(HEAD)%00%(refname:short)%00%(upstream:short)%00%(upstream:track)%00%(subject)%00%(objectname:short=8) refs/heads","level":"debug","msg":"RunCommand","time":"2023-08-17T00:40:37+02:00"}
{"command":"git symbolic-ref --short HEAD","level":"debug","msg":"RunCommand","time":"2023-08-17T00:40:37+02:00"}
{"level":"info","msg":"refreshing the following scopes in sync mode: files","time":"2023-08-17T00:40:40+02:00"}
{"level":"debug","msg":"using cache for key status.showUntrackedFiles","time":"2023-08-17T00:40:40+02:00"}
{"command":"git status --untracked-files=all --porcelain -z","level":"debug","msg":"RunCommand","time":"2023-08-17T00:40:40+02:00"}
{"command":"git merge-base HEAD refs/remotes/origin/master","level":"debug","msg":"RunCommand","time":"2023-08-17T00:40:41+02:00"}
{"level":"error","msg":"Unexpected error when running cmd task: signal: broken pipe","time":"2023-08-17T00:40:41+02:00"}
{"level":"info","msg":"refreshing the following scopes in sync mode: files","time":"2023-08-17T00:40:47+02:00"}
{"level":"debug","msg":"using cache for key status.showUntrackedFiles","time":"2023-08-17T00:40:47+02:00"}
{"command":"git status --untracked-files=all --porcelain -z","level":"debug","msg":"RunCommand","time":"2023-08-17T00:40:47+02:00"}
{"level":"info","msg":"refreshing the following scopes in sync mode: files","time":"2023-08-17T00:40:50+02:00"}
{"level":"debug","msg":"using cache for key status.showUntrackedFiles","time":"2023-08-17T00:40:50+02:00"}
{"command":"git status --untracked-files=all --porcelain -z","level":"debug","msg":"RunCommand","time":"2023-08-17T00:40:50+02:00"}
{"level":"info","msg":"refreshing the following scopes in sync mode: files","time":"2023-08-17T00:40:57+02:00"}
{"level":"debug","msg":"using cache for key status.showUntrackedFiles","time":"2023-08-17T00:40:57+02:00"}
{"command":"git status --untracked-files=all --porcelain -z","level":"debug","msg":"RunCommand","time":"2023-08-17T00:40:57+02:00"}
{"level":"info","msg":"refreshing the following scopes in sync mode: files","time":"2023-08-17T00:41:00+02:00"}
{"level":"debug","msg":"using cache for key status.showUntrackedFiles","time":"2023-08-17T00:41:00+02:00"}
{"command":"git status --untracked-files=all --porcelain -z","level":"debug","msg":"RunCommand","time":"2023-08-17T00:41:00+02:00"}
{"level":"info","msg":"refreshing the following scopes in sync mode: files","time":"2023-08-17T00:41:07+02:00"}
{"level":"debug","msg":"using cache for key status.showUntrackedFiles","time":"2023-08-17T00:41:07+02:00"}
{"command":"git status --untracked-files=all --porcelain -z","level":"debug","msg":"RunCommand","time":"2023-08-17T00:41:07+02:00"}
{"level":"info","msg":"refreshing the following scopes in sync mode: files","time":"2023-08-17T00:41:10+02:00"}
{"level":"debug","msg":"using cache for key status.showUntrackedFiles","time":"2023-08-17T00:41:10+02:00"}
{"command":"git status --untracked-files=all --porcelain -z","level":"debug","msg":"RunCommand","time":"2023-08-17T00:41:10+02:00"}
{"level":"info","msg":"refreshing the following scopes in sync mode: files","time":"2023-08-17T00:41:17+02:00"}
{"level":"debug","msg":"using cache for key status.showUntrackedFiles","time":"2023-08-17T00:41:17+02:00"}
{"command":"git status --untracked-files=all --porcelain -z","level":"debug","msg":"RunCommand","time":"2023-08-17T00:41:17+02:00"}
{"level":"info","msg":"refreshing the following scopes in sync mode: files","time":"2023-08-17T00:41:20+02:00"}
{"level":"debug","msg":"using cache for key status.showUntrackedFiles","time":"2023-08-17T00:41:20+02:00"}
{"command":"git status --untracked-files=all --porcelain -z","level":"debug","msg":"RunCommand","time":"2023-08-17T00:41:20+02:00"}
{"command":"git fetch --all","level":"debug","msg":"RunCommand","time":"2023-08-17T00:41:23+02:00"}
{"level":"info","msg":"refreshing the following scopes in async mode: branches,commits,remotes,tags","time":"2023-08-17T00:41:25+02:00"}
{"command":"git merge-base HEAD HEAD@{u}","level":"debug","msg":"RunCommand","time":"2023-08-17T00:41:25+02:00"}
{"command":"git branch -r","level":"debug","msg":"RunCommand","time":"2023-08-17T00:41:25+02:00"}
{"command":"git tag --list -n --sort=-creatordate","level":"debug","msg":"RunCommand","time":"2023-08-17T00:41:25+02:00"}
{"command":"git for-each-ref --sort=-committerdate --format=%(HEAD)%00%(refname:short)%00%(upstream:short)%00%(upstream:track)%00%(subject)%00%(objectname:short=8) refs/heads","level":"debug","msg":"RunCommand","time":"2023-08-17T00:41:25+02:00"}
{"level":"info","msg":"refreshing the following scopes in sync mode: files","time":"2023-08-17T00:41:27+02:00"}
{"level":"debug","msg":"using cache for key status.showUntrackedFiles","time":"2023-08-17T00:41:27+02:00"}
{"command":"git status --untracked-files=all --porcelain -z","level":"debug","msg":"RunCommand","time":"2023-08-17T00:41:27+02:00"}
{"level":"info","msg":"refreshing the following scopes in sync mode: files","time":"2023-08-17T00:41:30+02:00"}
{"level":"debug","msg":"using cache for key status.showUntrackedFiles","time":"2023-08-17T00:41:30+02:00"}
{"command":"git status --untracked-files=all --porcelain -z","level":"debug","msg":"RunCommand","time":"2023-08-17T00:41:30+02:00"}
{"level":"info","msg":"refreshing the following scopes in sync mode: files","time":"2023-08-17T00:41:37+02:00"}
{"level":"debug","msg":"using cache for key status.showUntrackedFiles","time":"2023-08-17T00:41:37+02:00"}
{"command":"git status --untracked-files=all --porcelain -z","level":"debug","msg":"RunCommand","time":"2023-08-17T00:41:37+02:00"}
{"command":"git fetch --all","level":"debug","msg":"RunCommand","time":"2023-08-17T00:41:37+02:00"}
{"level":"info","msg":"refreshing the following scopes in async mode: branches,commits,remotes,tags","time":"2023-08-17T00:41:37+02:00"}
{"command":"git branch -r","level":"debug","msg":"RunCommand","time":"2023-08-17T00:41:37+02:00"}
{"command":"git merge-base HEAD HEAD@{u}","level":"debug","msg":"RunCommand","time":"2023-08-17T00:41:37+02:00"}
{"command":"git tag --list -n --sort=-creatordate","level":"debug","msg":"RunCommand","time":"2023-08-17T00:41:37+02:00"}
{"command":"git for-each-ref --sort=-committerdate --format=%(HEAD)%00%(refname:short)%00%(upstream:short)%00%(upstream:track)%00%(subject)%00%(objectname:short=8) refs/heads","level":"debug","msg":"RunCommand","time":"2023-08-17T00:41:37+02:00"}
{"command":"git merge-base HEAD HEAD@{u}","level":"error","msg":"fatal: Not a valid object name HEAD\n","time":"2023-08-17T00:41:37+02:00"}
{"command":"git symbolic-ref --short HEAD","level":"debug","msg":"RunCommand","time":"2023-08-17T00:41:37+02:00"}
{"level":"info","msg":"refreshing the following scopes in sync mode: files","time":"2023-08-17T00:41:40+02:00"}
{"level":"debug","msg":"using cache for key status.showUntrackedFiles","time":"2023-08-17T00:41:40+02:00"}
{"command":"git status --untracked-files=all --porcelain -z","level":"debug","msg":"RunCommand","time":"2023-08-17T00:41:40+02:00"}
{"command":"git merge-base HEAD refs/remotes/origin/master","level":"debug","msg":"RunCommand","time":"2023-08-17T00:41:42+02:00"}
{"level":"error","msg":"Unexpected error when running cmd task: signal: broken pipe","time":"2023-08-17T00:41:43+02:00"}
{"level":"debug","msg":"Error getting git config value for args: --local --get-regexp gitflow.prefix. Error: the key is not found for [git config --local --get-regexp gitflow.prefix]","time":"2023-08-17T00:41:44+02:00"}
{"level":"info","msg":"refreshing all scopes in async mode","time":"2023-08-17T00:41:44+02:00"}
{"command":"git stash list -z --pretty=%gs","level":"debug","msg":"RunCommand","time":"2023-08-17T00:41:44+02:00"}
{"command":"git tag --list -n --sort=-creatordate","level":"debug","msg":"RunCommand","time":"2023-08-17T00:41:44+02:00"}
{"command":"git branch -r","level":"debug","msg":"RunCommand","time":"2023-08-17T00:41:44+02:00"}
{"level":"debug","msg":"using cache for key status.showUntrackedFiles","time":"2023-08-17T00:41:44+02:00"}
{"command":"git status --untracked-files=all --porcelain -z","level":"debug","msg":"RunCommand","time":"2023-08-17T00:41:44+02:00"}
{"command":"git merge-base HEAD HEAD@{u}","level":"debug","msg":"RunCommand","time":"2023-08-17T00:41:44+02:00"}
{"command":"git for-each-ref --sort=-committerdate --format=%(HEAD)%00%(refname:short)%00%(upstream:short)%00%(upstream:track)%00%(subject)%00%(objectname:short=8) refs/heads","level":"debug","msg":"RunCommand","time":"2023-08-17T00:41:44+02:00"}
{"level":"info","msg":"refreshing the following scopes in sync mode: files","time":"2023-08-17T00:41:47+02:00"}
{"level":"debug","msg":"using cache for key status.showUntrackedFiles","time":"2023-08-17T00:41:47+02:00"}
{"command":"git status --untracked-files=all --porcelain -z","level":"debug","msg":"RunCommand","time":"2023-08-17T00:41:47+02:00"}
